<?xml version="1.0" encoding="UTF-8"?>
<testsuite xmlns:xsi="http://www.w3.org/2001/XMLSchema-instance" xsi:noNamespaceSchemaLocation="https://maven.apache.org/surefire/maven-surefire-plugin/xsd/surefire-test-report.xsd" version="3.0.2" name="io.github.privacyops.cli.PrivacyOpsCommandTest" time="0.12" tests="1" errors="0" skipped="0" failures="0">
  <properties>
[...]
</properties>
  <testcase name="showsHelpSuccessfully" classname="io.github.privacyops.cli.PrivacyOpsCommandTest" time="0.099">
    <system-out><![CDATA[Usage: privacyops [-hV] [COMMAND]
Privacy governance analysis for software projects.
  -h, --help      Show this help message and exit.
  -V, --version   Print version information and exit.
Commands:
  scan  Scan a project for privacy-related data.
]]></system-out>
  </testcase>
</testsuite>